0 silly input [ 'prepare' ]
1 silly flags { _: [ 'run' ], script: 'prepare', args: [] }
2 verbose rootPath /home/liang/load/webIDE
3 info version 2.4.0
4 silly existsSync /home/liang/load/webIDE/VERSION
5 silly initialize attempt
6 silly initialize success
7 silly execute attempt
8 silly runScriptInPackageStreaming [ 'prepare', [], 'udc-extension' ]
9 silly getExecOpts { cwd: '/home/liang/load/webIDE/udc-extension' }
10 silly runScriptInPackageStreaming [ 'prepare', [], 'toy-extension' ]
11 silly getExecOpts { cwd: '/home/liang/load/webIDE/toy-extension' }
12 silly runScriptInPackageStreaming [ 'prepare', [], 'browser-app' ]
13 silly getExecOpts { cwd: '/home/liang/load/webIDE/browser-app' }
14 error execute callback with error
15 error Error: Command failed: npm run prepare
15 error (node:15788) DeprecationWarning: Tapable.apply is deprecated. Call apply on the plugin directly instead
15 error
15 error Error: webpack exited with an unexpected code: 2.
15 error     at ChildProcess.<anonymous> (/home/liang/load/webIDE/node_modules/@theia/application-manager/lib/application-process.js:66:28)
15 error     at emitTwo (events.js:126:13)
15 error     at ChildProcess.emit (events.js:214:7)
15 error     at maybeClose (internal/child_process.js:915:16)
15 error     at Socket.stream.socket.on (internal/child_process.js:336:11)
15 error     at emitOne (events.js:116:13)
15 error     at Socket.emit (events.js:211:7)
15 error     at Pipe._handle.close [as _onclose] (net.js:561:12)
15 error npm ERR! code ELIFECYCLE
15 error npm ERR! errno 1
15 error npm ERR! browser-app@0.0.0 prepare: `theia build --mode development`
15 error npm ERR! Exit status 1
15 error npm ERR!
15 error npm ERR! Failed at the browser-app@0.0.0 prepare script.
15 error npm ERR! This is probably not a problem with npm. There is likely additional logging output above.
15 error
15 error npm ERR! A complete log of this run can be found in:
15 error npm ERR!     /home/liang/.npm/_logs/2019-07-07T16_27_16_605Z-debug.log
15 error
15 error
15 error > browser-app@0.0.0 prepare /home/liang/load/webIDE/browser-app
15 error > theia build --mode development
15 error
15 error Hash: 509517e1d8eaa6ebb502
15 error Version: webpack 4.30.0
15 error Time: 18634ms
15 error Built at: 2019-07-08 00:27:16
15 error                                   Asset      Size  Chunks             Chunk Names
15 error                             0.bundle.js  33.8 KiB       0  [emitted]
15 error                         0.bundle.js.map  41.5 KiB       0  [emitted]
15 error  0a32a80243e05284a5d741c5dc093f31.woff2  23.8 KiB          [emitted]
15 error                             1.bundle.js   110 KiB       1  [emitted]
15 error                         1.bundle.js.map    98 KiB       1  [emitted]
15 error                            10.bundle.js   135 KiB      10  [emitted]
15 error                        10.bundle.js.map   133 KiB      10  [emitted]
15 error                            11.bundle.js  14.9 KiB      11  [emitted]
15 error                        11.bundle.js.map  15.3 KiB      11  [emitted]
15 error  11d1a2390613abf202bfd2ebbd5c4500.woff2  88.6 KiB          [emitted]
15 error                            12.bundle.js  56.9 KiB      12  [emitted]
15 error                        12.bundle.js.map  62.5 KiB      12  [emitted]
15 error                            13.bundle.js  17.9 KiB      13  [emitted]
15 error                        13.bundle.js.map  15.4 KiB      13  [emitted]
15 error                            14.bundle.js  73.1 KiB      14  [emitted]
15 error                        14.bundle.js.map  78.7 KiB      14  [emitted]
15 error                            15.bundle.js    58 KiB      15  [emitted]
15 error                        15.bundle.js.map  60.2 KiB      15  [emitted]
15 error                            16.bundle.js  25.7 KiB      16  [emitted]
15 error                        16.bundle.js.map  21.5 KiB      16  [emitted]
15 error                            17.bundle.js  21.9 KiB      17  [emitted]
15 error                        17.bundle.js.map  15.5 KiB      17  [emitted]
15 error                            18.bundle.js   433 KiB      18  [emitted]
15 error                        18.bundle.js.map   837 KiB      18  [emitted]
15 error                            19.bundle.js   290 KiB      19  [emitted]
15 error                        19.bundle.js.map   303 KiB      19  [emitted]
15 error                             2.bundle.js  13.9 KiB       2  [emitted]
15 error                         2.bundle.js.map  9.07 KiB       2  [emitted]
15 error                            20.bundle.js   124 KiB      20  [emitted]
15 error                        20.bundle.js.map   113 KiB      20  [emitted]
15 error                            21.bundle.js  25.7 KiB      21  [emitted]
15 error                        21.bundle.js.map  23.9 KiB      21  [emitted]
15 error                            22.bundle.js  26.3 KiB      22  [emitted]
15 error                        22.bundle.js.map    31 KiB      22  [emitted]
15 error                            23.bundle.js   324 KiB      23  [emitted]
15 error                        23.bundle.js.map   272 KiB      23  [emitted]
15 error                            24.bundle.js  76.2 KiB      24  [emitted]
15 error                        24.bundle.js.map  84.7 KiB      24  [emitted]
15 error                            25.bundle.js  67.3 KiB      25  [emitted]
15 error                        25.bundle.js.map  52.7 KiB      25  [emitted]
15 error                            26.bundle.js  23.1 KiB      26  [emitted]
15 error                        26.bundle.js.map  18.3 KiB      26  [emitted]
15 error                            27.bundle.js  16.4 KiB      27  [emitted]
15 error                        27.bundle.js.map  14.3 KiB      27  [emitted]
15 error                            28.bundle.js  29.2 KiB      28  [emitted]
15 error                        28.bundle.js.map  22.4 KiB      28  [emitted]
15 error                            29.bundle.js  27.8 KiB      29  [emitted]
15 error                        29.bundle.js.map    27 KiB      29  [emitted]
15 error                             3.bundle.js   123 KiB       3  [emitted]
15 error                         3.bundle.js.map   117 KiB       3  [emitted]
15 error                            30.bundle.js  1.18 MiB      30  [emitted]
15 error                        30.bundle.js.map  1.39 MiB      30  [emitted]
15 error                            31.bundle.js   349 KiB      31  [emitted]
15 error                        31.bundle.js.map   327 KiB      31  [emitted]
15 error                            32.bundle.js   139 KiB      32  [emitted]
15 error                        32.bundle.js.map   129 KiB      32  [emitted]
15 error                            33.bundle.js   107 KiB      33  [emitted]
15 error                        33.bundle.js.map  99.4 KiB      33  [emitted]
15 error                            34.bundle.js   163 KiB      34  [emitted]
15 error                        34.bundle.js.map   126 KiB      34  [emitted]
15 error                            35.bundle.js  82.4 KiB      35  [emitted]
15 error                        35.bundle.js.map  65.9 KiB      35  [emitted]
15 error                            36.bundle.js   105 KiB      36  [emitted]
15 error                        36.bundle.js.map  78.5 KiB      36  [emitted]
15 error                            37.bundle.js   140 KiB      37  [emitted]
15 error                        37.bundle.js.map   150 KiB      37  [emitted]
15 error                            38.bundle.js  43.5 KiB      38  [emitted]
15 error                        38.bundle.js.map  24.5 KiB      38  [emitted]
15 error                            39.bundle.js  55.1 KiB      39  [emitted]
15 error                        39.bundle.js.map  41.5 KiB      39  [emitted]
15 error                             4.bundle.js  24.8 KiB       4  [emitted]
15 error                         4.bundle.js.map  16.9 KiB       4  [emitted]
15 error                            40.bundle.js  32.4 KiB      40  [emitted]
15 error                        40.bundle.js.map  35.5 KiB      40  [emitted]
15 error                            41.bundle.js  19.9 KiB      41  [emitted]
15 error                        41.bundle.js.map  15.9 KiB      41  [emitted]
15 error                            42.bundle.js  25.9 KiB      42  [emitted]
15 error                        42.bundle.js.map  23.7 KiB      42  [emitted]
15 error                            43.bundle.js  31.2 KiB      43  [emitted]
15 error                        43.bundle.js.map  23.6 KiB      43  [emitted]
15 error                            44.bundle.js  17.2 KiB      44  [emitted]
15 error                        44.bundle.js.map  17.4 KiB      44  [emitted]
15 error                            45.bundle.js    10 KiB      45  [emitted]
15 error                        45.bundle.js.map  9.78 KiB      45  [emitted]
15 error                            46.bundle.js   287 KiB      46  [emitted]
15 error                        46.bundle.js.map   370 KiB      46  [emitted]
15 error                            47.bundle.js  13.8 KiB      47  [emitted]
15 error                        47.bundle.js.map  9.21 KiB      47  [emitted]
15 error                            48.bundle.js  34.2 KiB      48  [emitted]
15 error                        48.bundle.js.map  28.4 KiB      48  [emitted]
15 error                            49.bundle.js  21.6 KiB      49  [emitted]
15 error                        49.bundle.js.map  20.3 KiB      49  [emitted]
15 error                             5.bundle.js   722 KiB       5  [emitted]
15 error                         5.bundle.js.map   776 KiB       5  [emitted]
15 error                            50.bundle.js  14.4 KiB      50  [emitted]
15 error                        50.bundle.js.map  16.8 KiB      50  [emitted]
15 error                            51.bundle.js  14.4 KiB      51  [emitted]
15 error                        51.bundle.js.map  16.8 KiB      51  [emitted]
15 error                            52.bundle.js  14.4 KiB      52  [emitted]
15 error                        52.bundle.js.map  16.8 KiB      52  [emitted]
15 error                            53.bundle.js  9.38 KiB      53  [emitted]
15 error                        53.bundle.js.map  15.4 KiB      53  [emitted]
15 error                            54.bundle.js  8.39 KiB      54  [emitted]
15 error                        54.bundle.js.map  5.94 KiB      54  [emitted]
15 error                            55.bundle.js  13.7 KiB      55  [emitted]
15 error                        55.bundle.js.map  16.3 KiB      55  [emitted]
15 error                            56.bundle.js  13.7 KiB      56  [emitted]
15 error                        56.bundle.js.map  16.3 KiB      56  [emitted]
15 error                            57.bundle.js  13.7 KiB      57  [emitted]
15 error                        57.bundle.js.map  16.3 KiB      57  [emitted]
15 error                            58.bundle.js  13.7 KiB      58  [emitted]
15 error                        58.bundle.js.map  16.3 KiB      58  [emitted]
15 error                            59.bundle.js  13.7 KiB      59  [emitted]
15 error                        59.bundle.js.map  16.3 KiB      59  [emitted]
15 error                             6.bundle.js    59 KiB       6  [emitted]
15 error                         6.bundle.js.map  63.6 KiB       6  [emitted]
15 error                            60.bundle.js  13.7 KiB      60  [emitted]
15 error                        60.bundle.js.map  16.3 KiB      60  [emitted]
15 error                            61.bundle.js  13.7 KiB      61  [emitted]
15 error                        61.bundle.js.map  16.3 KiB      61  [emitted]
15 error                            62.bundle.js  13.7 KiB      62  [emitted]
15 error                        62.bundle.js.map  16.3 KiB      62  [emitted]
15 error                            63.bundle.js  13.7 KiB      63  [emitted]
15 error                        63.bundle.js.map  16.3 KiB      63  [emitted]
15 error                            64.bundle.js  13.7 KiB      64  [emitted]
15 error                        64.bundle.js.map  16.3 KiB      64  [emitted]
15 error                            65.bundle.js  13.7 KiB      65  [emitted]
15 error                        65.bundle.js.map  16.3 KiB      65  [emitted]
15 error                            66.bundle.js  13.7 KiB      66  [emitted]
15 error                        66.bundle.js.map  16.3 KiB      66  [emitted]
15 error                            67.bundle.js  1.84 KiB      67  [emitted]
15 error                        67.bundle.js.map  1.46 KiB      67  [emitted]
15 error    674f50d287a8c48dc19ba404d20fe713.eot   162 KiB          [emitted]
15 error                            68.bundle.js  1.97 KiB      68  [emitted]
15 error                        68.bundle.js.map  1.56 KiB      68  [emitted]
15 error                            69.bundle.js  2.75 KiB      69  [emitted]
15 error                        69.bundle.js.map  2.48 KiB      69  [emitted]
15 error                             7.bundle.js  30.4 KiB       7  [emitted]
15 error                         7.bundle.js.map  28.1 KiB       7  [emitted]
15 error                             8.bundle.js   578 KiB       8  [emitted]
15 error                         8.bundle.js.map   683 KiB       8  [emitted]
15 error                             9.bundle.js  47.4 KiB       9  [emitted]
15 error                         9.bundle.js.map  58.5 KiB       9  [emitted]
15 error    912ec66d7572ff821749319396470bde.svg   434 KiB          [emitted]
15 error   98efdb1150c6b8050818b3ea2552b15b.wasm   621 KiB          [emitted]
15 error  af7ae505a9eed503f8b8e6982036873e.woff2  75.4 KiB          [emitted]
15 error    b06871f281fee6b241d60582ae9369b9.ttf   162 KiB          [emitted]
15 error                               bundle.js  4.49 MiB    main  [emitted]  main
15 error                           bundle.js.map  4.93 MiB    main  [emitted]  main
15 error    cf2aabacdc2b3a5768b03545cb1d8330.svg    21 KiB          [emitted]
15 error  de59a97248b44599e6747a27a943f738.woff2  19.8 KiB          [emitted]
15 error  e19892df121e7f85c61754c54bbb7951.woff2  48.6 KiB          [emitted]
15 error    e817279537a0417d042f62fbb1b99eea.gif  43.1 KiB          [emitted]
15 error   fee66e712a8a08eef5805a46892932ad.woff  95.7 KiB          [emitted]
15 error            vs/base/worker/workerMain.js   489 KiB          [emitted]
15 error        vs/base/worker/workerMain.js.map   661 KiB          [emitted]
15 error               vs/editor/editor.main.css   255 KiB          [emitted]
15 error                vs/editor/editor.main.js  5.19 MiB          [emitted]
15 error            vs/editor/editor.main.js.map  8.03 MiB          [emitted]
15 error         vs/editor/editor.main.nls.de.js  41.3 KiB          [emitted]
15 error         vs/editor/editor.main.nls.es.js  41.8 KiB          [emitted]
15 error         vs/editor/editor.main.nls.fr.js  45.2 KiB          [emitted]
15 error         vs/editor/editor.main.nls.it.js  43.5 KiB          [emitted]
15 error         vs/editor/editor.main.nls.ja.js  45.9 KiB          [emitted]
15 error            vs/editor/editor.main.nls.js  35.6 KiB          [emitted]
15 error         vs/editor/editor.main.nls.ko.js  41.9 KiB          [emitted]
15 error         vs/editor/editor.main.nls.ru.js    63 KiB          [emitted]
15 error      vs/editor/editor.main.nls.zh-cn.js  34.2 KiB          [emitted]
15 error      vs/editor/editor.main.nls.zh-tw.js  34.3 KiB          [emitted]
15 error              vs/language/css/cssMode.js  28.2 KiB          [emitted]
15 error            vs/language/css/cssWorker.js   597 KiB          [emitted]
15 error  vs/language/css/monaco.contribution.js  2.11 KiB          [emitted]
15 error            vs/language/html/htmlMode.js  27.3 KiB          [emitted]
15 error          vs/language/html/htmlWorker.js   337 KiB          [emitted]
15 error vs/language/html/monaco.contribution.js  2.14 KiB          [emitted]
15 error                            vs/loader.js  77.8 KiB          [emitted]
15 error                        vs/loader.js.map    88 KiB          [emitted]
15 error      worker-ext.9c6f4e9b0ec6e11a22e9.js  1.19 MiB          [emitted]
15 error  worker-ext.9c6f4e9b0ec6e11a22e9.js.map  1.51 MiB          [emitted]
15 error Entrypoint main = bundle.js bundle.js.map
15 error [../toy-extension/lib/browser/toy-extension-frontend-module.js] 2.05 KiB {45} [built]
15 error [../toy-extension/src/browser/styles/index.css] 1.08 KiB {45} [built]
15 error [../udc-extension/lib/browser/about-dailog.js] 5.98 KiB {33} [built]
15 error [../udc-extension/lib/browser/decorator-view-service.js] 2.47 KiB {33} [built]
15 error [../udc-extension/lib/browser/device-view-service.js] 2.89 KiB {33} [built]
15 error [../udc-extension/lib/browser/device-view-widget.js] 23.6 KiB {33} [built]
15 error [../udc-extension/lib/browser/devices-view-contribution.js] 5.02 KiB {33} [built]
15 error [../udc-extension/lib/browser/udc-console-contribution.js] 5.61 KiB {33} [built]
15 error [../udc-extension/lib/browser/udc-extension-contribution.js] 19 KiB {33} [built]
15 error [../udc-extension/lib/browser/udc-extension-frontend-module.js] 3.72 KiB {33} [built]
15 error [../udc-extension/lib/common/udc-common-module.js] 280 bytes {33} [built]
15 error [../udc-extension/lib/common/udc-service.js] 338 bytes {33} [built]
15 error [../udc-extension/lib/common/udc-watcher.js] 2.17 KiB {33} [built]
15 error [../udc-extension/src/browser/styles/index.css] 1.08 KiB {33} [built]
15 error [./src-gen/frontend/index.js] 4.53 KiB {main} [built]
15 error     + 1451 hidden modules
15 error
15 error WARNING in Circular dependency detected:
15 error ../udc-extension/lib/browser/device-view-service.js -> ../udc-extension/lib/browser/device-view-widget.js -> ../udc-extension/lib/browser/udc-extension-contribution.js -> ../udc-extension/lib/browser/device-view-service.js
15 error
15 error WARNING in Circular dependency detected:
15 error ../udc-extension/lib/browser/device-view-widget.js -> ../udc-extension/lib/browser/udc-extension-contribution.js -> ../udc-extension/lib/browser/device-view-service.js -> ../udc-extension/lib/browser/device-view-widget.js
15 error
15 error WARNING in Circular dependency detected:
15 error ../udc-extension/lib/browser/udc-extension-contribution.js -> ../udc-extension/lib/browser/device-view-service.js -> ../udc-extension/lib/browser/device-view-widget.js -> ../udc-extension/lib/browser/udc-extension-contribution.js
15 error
15 error WARNING in ../node_modules/vscode-textmate/release/main.js 23:15-27
15 error Critical dependency: the request of a dependency is an expression
15 error  @ ../node_modules/@theia/monaco/lib/browser/textmate/monaco-textmate-service.js
15 error  @ ../node_modules/@theia/monaco/lib/browser/textmate/index.js
15 error  @ ../node_modules/@theia/plugin-ext/lib/main/browser/plugin-contribution-handler.js
15 error  @ ../node_modules/@theia/plugin-ext/lib/main/browser/plugin-ext-frontend-module.js
15 error  @ ../node_modules/@theia/plugin-ext/lib/plugin-ext-frontend-module.js
15 error  @ ./src-gen/frontend/index.js
15 error
15 error WARNING in ../node_modules/vscode-textmate/release/main.js
15 error Module Warning (from ../node_modules/source-map-loader/index.js):
15 error (Emitted value instead of an instance of Error) Cannot find SourceMap 'main.js.map': Error: Can't resolve './main.js.map' in '/home/liang/load/webIDE/node_modules/vscode-textmate/release'
15 error  @ ../node_modules/@theia/monaco/lib/browser/textmate/monaco-textmate-service.js 73:24-50
15 error  @ ../node_modules/@theia/monaco/lib/browser/textmate/index.js
15 error  @ ../node_modules/@theia/plugin-ext/lib/main/browser/plugin-contribution-handler.js
15 error  @ ../node_modules/@theia/plugin-ext/lib/main/browser/plugin-ext-frontend-module.js
15 error  @ ../node_modules/@theia/plugin-ext/lib/plugin-ext-frontend-module.js
15 error  @ ./src-gen/frontend/index.js
15 error
15 error WARNING in ../node_modules/typescript-language-server/lib/commands.js
15 error Module Warning (from ../node_modules/source-map-loader/index.js):
15 error (Emitted value instead of an instance of Error) Cannot find source file '../src/commands.ts': Error: Can't resolve '../src/commands.ts' in '/home/liang/load/webIDE/node_modules/typescript-language-server/lib'
15 error  @ ../node_modules/@theia/typescript/lib/browser/typescript-frontend-contribution.js 93:17-67
15 error  @ ../node_modules/@theia/typescript/lib/browser/typescript-frontend-module.js
15 error  @ ./src-gen/frontend/index.js
15 error
15 error ERROR in ../toy-extension/lib/browser/toy-extension-frontend-module.js
15 error Module not found: Error: Can't resolve './toy-extension-contribution' in '/home/liang/load/webIDE/toy-extension/lib/browser'
15 error  @ ../toy-extension/lib/browser/toy-extension-frontend-module.js 15:35-74
15 error  @ ./src-gen/frontend/index.js
15 error
15 error ERROR in ../toy-extension/lib/browser/toy-extension-frontend-module.js
15 error Module not found: Error: Can't resolve './toy-tree-widget' in '/home/liang/load/webIDE/toy-extension/lib/browser'
15 error  @ ../toy-extension/lib/browser/toy-extension-frontend-module.js 19:24-52
15 error  @ ./src-gen/frontend/index.js
15 error
15 error ERROR in ../toy-extension/lib/browser/toy-extension-frontend-module.js
15 error Module not found: Error: Can't resolve './toy-tree-widget-contribution' in '/home/liang/load/webIDE/toy-extension/lib/browser'
15 error  @ ../toy-extension/lib/browser/toy-extension-frontend-module.js 20:37-78
15 error  @ ./src-gen/frontend/index.js
15 error
15 error ERROR in ../toy-extension/lib/browser/toy-extension-frontend-module.js
15 error Module not found: Error: Can't resolve './toy-tree-widget-service' in '/home/liang/load/webIDE/toy-extension/lib/browser'
15 error  @ ../toy-extension/lib/browser/toy-extension-frontend-module.js 21:32-68
15 error  @ ./src-gen/frontend/index.js
15 error Child worker:
15 error                                      Asset      Size  Chunks             Chunk Names
15 error         worker-ext.9c6f4e9b0ec6e11a22e9.js  1.19 MiB    main  [emitted]  main
15 error     worker-ext.9c6f4e9b0ec6e11a22e9.js.map  1.51 MiB    main  [emitted]  main
15 error     Entrypoint main = worker-ext.9c6f4e9b0ec6e11a22e9.js worker-ext.9c6f4e9b0ec6e11a22e9.js.map
15 error        157 modules
15 error
15 error
15 error     at Promise.all.then.arr (/home/liang/load/webIDE/node_modules/lerna/node_modules/execa/index.js:236:11)
15 error     at <anonymous>
